<?xml version="1.0" encoding="UTF-8"?>
<testng-results ignored="0" total="2" passed="2" failed="0" skipped="0">
  <reporter-output>
  </reporter-output>
  <suite started-at="2022-05-12T01:52:52 IST" name="Default suite" finished-at="2022-05-12T01:53:19 IST" duration-ms="26224">
    <groups>
    </groups>
    <test started-at="2022-05-12T01:52:52 IST" name="Default test" finished-at="2022-05-12T01:53:19 IST" duration-ms="26224">
      <class name="QA.RegistrationForm">
        <test-method is-config="true" signature="setup()[pri:0, instance:QA.RegistrationForm@10959ece]" started-at="2022-05-12T01:52:52 IST" name="setup" finished-at="2022-05-12T01:53:00 IST" duration-ms="7609" status="PASS">
          <reporter-output>
          </reporter-output>
        </test-method> <!-- setup -->
        <test-method signature="fillForm(java.lang.String,java.lang.String,java.lang.String,java.lang.String,java.lang.String,int,java.lang.String,java.lang.String,java.lang.String)[pri:0, instance:QA.RegistrationForm@10959ece]" started-at="2022-05-12T01:53:00 IST" name="fillForm" data-provider="getData" finished-at="2022-05-12T01:53:02 IST" duration-ms="1628" status="PASS">
          <params>
            <param index="0">
              <value>
                <![CDATA[Deepika]]>
              </value>
            </param>
            <param index="1">
              <value>
                <![CDATA[Damayanthi]]>
              </value>
            </param>
            <param index="2">
              <value>
                <![CDATA[Deepika.Damayanthi@gmail.com]]>
              </value>
            </param>
            <param index="3">
              <value>
                <![CDATA[0112345678]]>
              </value>
            </param>
            <param index="4">
              <value>
                <![CDATA[1990]]>
              </value>
            </param>
            <param index="5">
              <value>
                <![CDATA[8]]>
              </value>
            </param>
            <param index="6">
              <value>
                <![CDATA[IT]]>
              </value>
            </param>
            <param index="7">
              <value>
                <![CDATA[C:\Users\User\Desktop\Deepika\Selenium\Selenium_Project\StudentRegistration\src\ProfilePicture\ProfilePic.png]]>
              </value>
            </param>
            <param index="8">
              <value>
                <![CDATA[Colombo-2]]>
              </value>
            </param>
          </params>
          <reporter-output>
          </reporter-output>
        </test-method> <!-- fillForm -->
        <test-method is-config="true" signature="close()[pri:0, instance:QA.RegistrationForm@10959ece]" started-at="2022-05-12T01:53:02 IST" name="close" finished-at="2022-05-12T01:53:06 IST" duration-ms="4182" status="PASS">
          <reporter-output>
          </reporter-output>
        </test-method> <!-- close -->
        <test-method is-config="true" signature="setup()[pri:0, instance:QA.RegistrationForm@10959ece]" started-at="2022-05-12T01:53:06 IST" name="setup" finished-at="2022-05-12T01:53:13 IST" duration-ms="7149" status="PASS">
          <reporter-output>
          </reporter-output>
        </test-method> <!-- setup -->
        <test-method signature="fillForm(java.lang.String,java.lang.String,java.lang.String,java.lang.String,java.lang.String,int,java.lang.String,java.lang.String,java.lang.String)[pri:0, instance:QA.RegistrationForm@10959ece]" started-at="2022-05-12T01:53:13 IST" name="fillForm" data-provider="getData" finished-at="2022-05-12T01:53:14 IST" duration-ms="1448" status="PASS">
          <params>
            <param index="0">
              <value>
                <![CDATA[Deepika]]>
              </value>
            </param>
            <param index="1">
              <value>
                <![CDATA[Padukone]]>
              </value>
            </param>
            <param index="2">
              <value>
                <![CDATA[Deepika.Padukone@gmail.com]]>
              </value>
            </param>
            <param index="3">
              <value>
                <![CDATA[0112345679]]>
              </value>
            </param>
            <param index="4">
              <value>
                <![CDATA[1992]]>
              </value>
            </param>
            <param index="5">
              <value>
                <![CDATA[6]]>
              </value>
            </param>
            <param index="6">
              <value>
                <![CDATA[Finance]]>
              </value>
            </param>
            <param index="7">
              <value>
                <![CDATA[C:\Users\User\Desktop\Deepika\Selenium\Selenium_Project\StudentRegistration\src\ProfilePicture\ProfilePic.png]]>
              </value>
            </param>
            <param index="8">
              <value>
                <![CDATA[Colombo-3]]>
              </value>
            </param>
          </params>
          <reporter-output>
          </reporter-output>
        </test-method> <!-- fillForm -->
        <test-method is-config="true" signature="close()[pri:0, instance:QA.RegistrationForm@10959ece]" started-at="2022-05-12T01:53:14 IST" name="close" finished-at="2022-05-12T01:53:19 IST" duration-ms="4150" status="PASS">
          <reporter-output>
          </reporter-output>
        </test-method> <!-- close -->
      </class> <!-- QA.RegistrationForm -->
    </test> <!-- Default test -->
  </suite> <!-- Default suite -->
</testng-results>
